project: 0.1.2
|--yaml: 2.2.1
|  |--charcode: 1.1.3
|  |  |--pedantic: 1.9.2
|  |  |  |--meta: 1.2.3
|  |--collection: 1.14.13
|  |  |--pedantic:  ...
|  |  |--test: 1.15.4
|  |  |  |--analyzer: 0.40.5
|  |  |  |  |--_fe_analyzer_shared: 12.0.0
|  |  |  |  |  |--meta:  ...
|  |  |  |  |  |--test:  ...
|  |  |  |  |--args: 1.6.0
|  |  |  |  |  |--pedantic:  ...
|  |  |  |  |  |--test:  ...
|  |  |  |  |--cli_util: 0.2.0
|  |  |  |  |  |--path: 1.7.0
|  |  |  |  |  |  |--pedantic:  ...
|  |  |  |  |  |  |--test:  ...
|  |  |  |  |  |--test:  ...
|  |  |  |  |--collection:  ...
|  |  |  |  |--convert: 2.1.1
|  |  |  |  |  |--charcode:  ...
|  |  |  |  |  |--typed_data: 1.2.0
|  |  |  |  |  |  |--collection:  ...
|  |  |  |  |  |  |--pedantic:  ...
|  |  |  |  |  |  |--test:  ...
|  |  |  |  |  |--test:  ...
|  |  |  |  |--crypto: 2.1.5
|  |  |  |  |  |--collection:  ...
|  |  |  |  |  |--convert:  ...
|  |  |  |  |  |--typed_data:  ...
|  |  |  |  |  |--pedantic:  ...
|  |  |  |  |  |--test:  ...
|  |  |  |  |--glob: 1.2.0
|  |  |  |  |  |--async: 2.4.2
|  |  |  |  |  |  |--collection:  ...
|  |  |  |  |  |  |--stack_trace: 1.9.5
|  |  |  |  |  |  |  |--path:  ...
|  |  |  |  |  |  |  |--pedantic:  ...
|  |  |  |  |  |  |  |--test:  ...
|  |  |  |  |  |  |--test:  ...
|  |  |  |  |  |  |--pedantic:  ...
|  |  |  |  |  |--collection:  ...
|  |  |  |  |  |--node_io: 1.1.1
|  |  |  |  |  |  |--node_interop: 1.1.1
|  |  |  |  |  |  |  |--js: 0.6.2
|  |  |  |  |  |  |  |--pedantic:  ...
|  |  |  |  |  |  |  |--test:  ...
|  |  |  |  |  |  |--path:  ...
|  |  |  |  |  |  |--js:  ...
|  |  |  |  |  |  |--pedantic:  ...
|  |  |  |  |  |  |--test:  ...
|  |  |  |  |  |--path:  ...
|  |  |  |  |  |--pedantic:  ...
|  |  |  |  |  |--string_scanner: 1.0.5
|  |  |  |  |  |  |--charcode:  ...
|  |  |  |  |  |  |--meta:  ...
|  |  |  |  |  |  |--source_span: 1.7.0
|  |  |  |  |  |  |  |--charcode:  ...
|  |  |  |  |  |  |  |--collection:  ...
|  |  |  |  |  |  |  |--meta:  ...
|  |  |  |  |  |  |  |--path:  ...
|  |  |  |  |  |  |  |--term_glyph: 1.1.0
|  |  |  |  |  |  |  |  |--meta:  ...
|  |  |  |  |  |  |  |  |--test:  ...
|  |  |  |  |  |  |  |--test:  ...
|  |  |  |  |  |  |--test:  ...
|  |  |  |  |  |--test:  ...
|  |  |  |  |--meta:  ...
|  |  |  |  |--package_config: 1.9.3
|  |  |  |  |  |--path:  ...
|  |  |  |  |  |--charcode:  ...
|  |  |  |  |  |--test:  ...
|  |  |  |  |  |--matcher: 0.12.9
|  |  |  |  |  |  |--stack_trace:  ...
|  |  |  |  |  |  |--pedantic:  ...
|  |  |  |  |  |  |--test:  ...
|  |  |  |  |  |  |--test_api: 0.2.18
|  |  |  |  |  |  |  |--async:  ...
|  |  |  |  |  |  |  |--boolean_selector: 2.0.0
|  |  |  |  |  |  |  |  |--source_span:  ...
|  |  |  |  |  |  |  |  |--string_scanner:  ...
|  |  |  |  |  |  |  |  |--pedantic:  ...
|  |  |  |  |  |  |  |  |--test:  ...
|  |  |  |  |  |  |  |--collection:  ...
|  |  |  |  |  |  |  |--meta:  ...
|  |  |  |  |  |  |  |--path:  ...
|  |  |  |  |  |  |  |--source_span:  ...
|  |  |  |  |  |  |  |--stack_trace:  ...
|  |  |  |  |  |  |  |--stream_channel: 2.0.0
|  |  |  |  |  |  |  |  |--async:  ...
|  |  |  |  |  |  |  |  |--test:  ...
|  |  |  |  |  |  |  |--string_scanner:  ...
|  |  |  |  |  |  |  |--term_glyph:  ...
|  |  |  |  |  |  |  |--matcher:  ...
|  |  |  |  |  |  |  |--pedantic:  ...
|  |  |  |  |  |  |  |--test:  ...
|  |  |  |  |  |  |  |--test_core: 0.3.11+1
|  |  |  |  |  |  |  |  |--analyzer:  ...
|  |  |  |  |  |  |  |  |--async:  ...
|  |  |  |  |  |  |  |  |--args:  ...
|  |  |  |  |  |  |  |  |--boolean_selector:  ...
|  |  |  |  |  |  |  |  |--collection:  ...
|  |  |  |  |  |  |  |  |--coverage: 0.14.1
|  |  |  |  |  |  |  |  |  |--args:  ...
|  |  |  |  |  |  |  |  |  |--logging: 0.11.4
|  |  |  |  |  |  |  |  |  |  |--pedantic:  ...
|  |  |  |  |  |  |  |  |  |  |--test:  ...
|  |  |  |  |  |  |  |  |  |--package_config:  ...
|  |  |  |  |  |  |  |  |  |--path:  ...
|  |  |  |  |  |  |  |  |  |--source_maps: 0.10.9
|  |  |  |  |  |  |  |  |  |  |--source_span:  ...
|  |  |  |  |  |  |  |  |  |  |--source_span:  ...
|  |  |  |  |  |  |  |  |  |  |--test:  ...
|  |  |  |  |  |  |  |  |  |  |--term_glyph:  ...
|  |  |  |  |  |  |  |  |  |--stack_trace:  ...
|  |  |  |  |  |  |  |  |  |--vm_service: 4.2.0
|  |  |  |  |  |  |  |  |  |  |--meta:  ...
|  |  |  |  |  |  |  |  |  |  |--async:  ...
|  |  |  |  |  |  |  |  |  |  |--path:  ...
|  |  |  |  |  |  |  |  |  |  |--pedantic:  ...
|  |  |  |  |  |  |  |  |  |  |--pub_semver: 1.4.4
|  |  |  |  |  |  |  |  |  |  |  |--collection:  ...
|  |  |  |  |  |  |  |  |  |  |  |--test:  ...
|  |  |  |  |  |  |  |  |  |  |--test:  ...
|  |  |  |  |  |  |  |  |  |--pedantic:  ...
|  |  |  |  |  |  |  |  |  |--test:  ...
|  |  |  |  |  |  |  |  |--glob:  ...
|  |  |  |  |  |  |  |  |--io: 0.3.4
|  |  |  |  |  |  |  |  |  |--charcode:  ...
|  |  |  |  |  |  |  |  |  |--meta:  ...
|  |  |  |  |  |  |  |  |  |--path:  ...
|  |  |  |  |  |  |  |  |  |--string_scanner:  ...
|  |  |  |  |  |  |  |  |  |--pedantic:  ...
|  |  |  |  |  |  |  |  |  |--test:  ...
|  |  |  |  |  |  |  |  |--meta:  ...
|  |  |  |  |  |  |  |  |--package_config:  ...
|  |  |  |  |  |  |  |  |--path:  ...
|  |  |  |  |  |  |  |  |--pedantic:  ...
|  |  |  |  |  |  |  |  |--pool: 1.4.0
|  |  |  |  |  |  |  |  |  |--async:  ...
|  |  |  |  |  |  |  |  |  |--stack_trace:  ...
|  |  |  |  |  |  |  |  |  |--pedantic:  ...
|  |  |  |  |  |  |  |  |  |--test:  ...
|  |  |  |  |  |  |  |  |--source_map_stack_trace: 2.0.0
|  |  |  |  |  |  |  |  |  |--path:  ...
|  |  |  |  |  |  |  |  |  |--stack_trace:  ...
|  |  |  |  |  |  |  |  |  |--source_maps:  ...
|  |  |  |  |  |  |  |  |  |--source_span:  ...
|  |  |  |  |  |  |  |  |  |--test:  ...
|  |  |  |  |  |  |  |  |  |--pedantic:  ...
|  |  |  |  |  |  |  |  |--source_maps:  ...
|  |  |  |  |  |  |  |  |--source_span:  ...
|  |  |  |  |  |  |  |  |--stack_trace:  ...
|  |  |  |  |  |  |  |  |--stream_channel:  ...
|  |  |  |  |  |  |  |  |--vm_service:  ...
|  |  |  |  |  |  |  |  |--yaml:  ...
|  |  |  |  |  |  |  |  |--matcher:  ...
|  |  |  |  |  |  |  |  |--test_api:  ...
|  |  |  |  |  |  |--test_core:  ...
|  |  |  |  |  |--pedantic:  ...
|  |  |  |  |--path:  ...
|  |  |  |  |--pub_semver:  ...
|  |  |  |  |--source_span:  ...
|  |  |  |  |--watcher: 0.9.7+15
|  |  |  |  |  |--async:  ...
|  |  |  |  |  |--path:  ...
|  |  |  |  |  |--pedantic:  ...
|  |  |  |  |  |--test:  ...
|  |  |  |  |--yaml:  ...
|  |  |  |  |--matcher:  ...
|  |  |  |  |--pedantic:  ...
|  |  |  |  |--test:  ...
|  |  |  |  |--test_api:  ...
|  |  |  |--async:  ...
|  |  |  |--boolean_selector:  ...
|  |  |  |--coverage:  ...
|  |  |  |--http: 0.12.2
|  |  |  |  |--http_parser: 3.1.4
|  |  |  |  |  |--charcode:  ...
|  |  |  |  |  |--collection:  ...
|  |  |  |  |  |--source_span:  ...
|  |  |  |  |  |--string_scanner:  ...
|  |  |  |  |  |--typed_data:  ...
|  |  |  |  |  |--pedantic:  ...
|  |  |  |  |  |--test:  ...
|  |  |  |  |--path:  ...
|  |  |  |  |--pedantic:  ...
|  |  |  |  |--test:  ...
|  |  |  |--http_multi_server: 2.2.0
|  |  |  |  |--async:  ...
|  |  |  |  |--http:  ...
|  |  |  |  |--pedantic:  ...
|  |  |  |  |--test:  ...
|  |  |  |--io:  ...
|  |  |  |--js:  ...
|  |  |  |--node_preamble: 1.4.12
|  |  |  |  |--http:  ...
|  |  |  |--package_config:  ...
|  |  |  |--path:  ...
|  |  |  |--pedantic:  ...
|  |  |  |--pool:  ...
|  |  |  |--shelf: 0.7.9
|  |  |  |  |--async:  ...
|  |  |  |  |--collection:  ...
|  |  |  |  |--http_parser:  ...
|  |  |  |  |--path:  ...
|  |  |  |  |--stack_trace:  ...
|  |  |  |  |--stream_channel:  ...
|  |  |  |  |--http:  ...
|  |  |  |  |--pedantic:  ...
|  |  |  |  |--test:  ...
|  |  |  |--shelf_packages_handler: 2.0.0
|  |  |  |  |--path:  ...
|  |  |  |  |--shelf:  ...
|  |  |  |  |--shelf_static: 0.2.8
|  |  |  |  |  |--convert:  ...
|  |  |  |  |  |--http_parser:  ...
|  |  |  |  |  |--mime: 0.9.7
|  |  |  |  |  |  |--pedantic:  ...
|  |  |  |  |  |  |--test:  ...
|  |  |  |  |  |--path:  ...
|  |  |  |  |  |--shelf:  ...
|  |  |  |  |  |--args:  ...
|  |  |  |  |  |--test:  ...
|  |  |  |  |--test:  ...
|  |  |  |--shelf_static:  ...
|  |  |  |--shelf_web_socket: 0.2.3
|  |  |  |  |--shelf:  ...
|  |  |  |  |--web_socket_channel: 1.1.0
|  |  |  |  |  |--async:  ...
|  |  |  |  |  |--crypto:  ...
|  |  |  |  |  |--stream_channel:  ...
|  |  |  |  |  |--pedantic:  ...
|  |  |  |  |  |--test:  ...
|  |  |  |  |--stream_channel:  ...
|  |  |  |  |--http:  ...
|  |  |  |  |--test:  ...
|  |  |  |--source_span:  ...
|  |  |  |--stack_trace:  ...
|  |  |  |--stream_channel:  ...
|  |  |  |--typed_data:  ...
|  |  |  |--web_socket_channel:  ...
|  |  |  |--webkit_inspection_protocol: 0.7.3
|  |  |  |  |--logging:  ...
|  |  |  |  |--args:  ...
|  |  |  |  |--shelf:  ...
|  |  |  |  |--shelf_static:  ...
|  |  |  |  |--shelf_web_socket:  ...
|  |  |  |  |--test:  ...
|  |  |  |--yaml:  ...
|  |  |  |--test_api:  ...
|  |  |  |--test_core:  ...
|  |--string_scanner:  ...
|  |--source_span:  ...
|  |--pedantic:  ...
|  |--path:  ...
|  |--test:  ...
|--path:  ...
|--pub_semver:  ...
|--analyzer:  ...
|--meta:  ...
|--pedantic:  ...
|--test:  ...
Exited
